TN:
SF:core\emitter\Emitter.ts
FN:21,(anonymous_0)
FN:28,(anonymous_1)
FN:41,(anonymous_2)
FN:52,(anonymous_3)
FN:57,(anonymous_4)
FN:74,(anonymous_5)
FN:91,(anonymous_6)
FN:106,(anonymous_7)
FN:115,(anonymous_8)
FN:125,(anonymous_9)
FN:135,(anonymous_10)
FN:144,(anonymous_11)
FN:154,(anonymous_12)
FN:164,(anonymous_13)
FNF:14
FNH:14
FNDA:15,(anonymous_0)
FNDA:15,(anonymous_1)
FNDA:3,(anonymous_2)
FNDA:12,(anonymous_3)
FNDA:3,(anonymous_4)
FNDA:3,(anonymous_5)
FNDA:10,(anonymous_6)
FNDA:1,(anonymous_7)
FNDA:1,(anonymous_8)
FNDA:9,(anonymous_9)
FNDA:1,(anonymous_10)
FNDA:1,(anonymous_11)
FNDA:2,(anonymous_12)
FNDA:2,(anonymous_13)
DA:1,1
DA:14,1
DA:22,15
DA:29,15
DA:30,15
DA:31,15
DA:32,15
DA:33,15
DA:42,3
DA:43,3
DA:57,3
DA:59,12
DA:60,2
DA:61,2
DA:64,10
DA:65,10
DA:75,3
DA:76,1
DA:77,1
DA:80,2
DA:81,2
DA:92,10
DA:93,2
DA:96,8
DA:98,8
DA:107,1
DA:116,1
DA:117,1
DA:126,9
DA:127,9
DA:136,1
DA:145,1
DA:146,1
DA:155,2
DA:156,2
DA:165,2
DA:166,2
LF:37
LH:37
BRDA:55,0,0,12
BRDA:57,1,0,12
BRDA:59,2,0,2
BRDA:75,3,0,1
BRDA:92,4,0,2
BRF:5
BRH:5
end_of_record
TN:
SF:core\emitter\managers\EventManager.ts
FN:6,(anonymous_0)
FN:15,(anonymous_1)
FN:30,(anonymous_2)
FN:35,(anonymous_3)
FN:53,(anonymous_4)
FN:66,(anonymous_5)
FN:68,(anonymous_6)
FN:79,(anonymous_7)
FN:92,(anonymous_8)
FN:100,(anonymous_9)
FN:109,(anonymous_10)
FNF:11
FNH:8
FNDA:15,(anonymous_0)
FNDA:22,(anonymous_1)
FNDA:10,(anonymous_2)
FNDA:0,(anonymous_3)
FNDA:0,(anonymous_4)
FNDA:2,(anonymous_5)
FNDA:2,(anonymous_6)
FNDA:10,(anonymous_7)
FNDA:0,(anonymous_8)
FNDA:5,(anonymous_9)
FNDA:1,(anonymous_10)
DA:6,1
DA:7,15
DA:8,15
DA:9,15
DA:16,22
DA:17,15
DA:19,22
DA:35,0
DA:37,10
DA:39,10
DA:40,0
DA:41,0
DA:44,10
DA:53,10
DA:54,10
DA:55,10
DA:57,0
DA:67,2
DA:68,2
DA:69,2
DA:70,2
DA:80,10
DA:81,10
DA:82,7
DA:85,3
DA:86,3
DA:87,3
DA:88,3
DA:92,3
DA:94,3
DA:101,5
DA:110,1
LF:32
LH:28
BRDA:16,0,0,15
BRDA:33,1,0,0
BRDA:34,2,0,10
BRDA:35,3,0,0
BRDA:39,4,0,0
BRDA:54,5,0,10
BRDA:54,5,1,0
BRDA:69,6,0,2
BRDA:81,7,0,7
BRDA:81,8,0,10
BRDA:81,8,1,7
BRDA:86,9,0,3
BRDA:92,10,0,3
BRDA:92,10,1,0
BRDA:92,11,0,3
BRDA:92,11,1,3
BRF:16
BRH:11
end_of_record
TN:
SF:core\emitter\managers\GroupManager.ts
FN:14,(anonymous_0)
FN:18,(anonymous_1)
FN:29,(anonymous_2)
FN:42,(anonymous_3)
FN:44,(anonymous_4)
FN:52,(anonymous_5)
FN:54,(anonymous_6)
FNF:7
FNH:7
FNDA:15,(anonymous_0)
FNDA:1,(anonymous_1)
FNDA:9,(anonymous_2)
FNDA:1,(anonymous_3)
FNDA:2,(anonymous_4)
FNDA:1,(anonymous_5)
FNDA:2,(anonymous_6)
DA:6,1
DA:7,15
DA:15,15
DA:19,1
DA:30,9
DA:31,5
DA:33,9
DA:43,1
DA:44,2
DA:53,1
DA:54,1
DA:55,2
LF:12
LH:12
BRDA:30,0,0,5
BRDA:43,1,0,1
BRDA:43,1,1,0
BRDA:53,2,0,1
BRDA:53,2,1,0
BRF:5
BRH:3
end_of_record
TN:
SF:core\emitter\managers\MemoryManager.ts
FN:22,(anonymous_0)
FN:29,(anonymous_1)
FN:51,(anonymous_2)
FNF:3
FNH:3
FNDA:15,(anonymous_0)
FNDA:2,(anonymous_1)
FNDA:2,(anonymous_2)
DA:1,1
DA:7,1
DA:11,15
DA:23,15
DA:30,2
DA:31,2
DA:33,2
DA:34,2
DA:35,2
DA:36,2
DA:40,2
DA:41,2
DA:52,2
LF:13
LH:13
BRDA:35,0,0,2
BRDA:40,1,0,2
BRF:2
BRH:2
end_of_record
TN:
SF:core\emitter\managers\MiddlewareManager.ts
FN:6,(anonymous_0)
FN:17,(anonymous_1)
FN:29,(anonymous_2)
FNF:3
FNH:3
FNDA:16,(anonymous_0)
FNDA:3,(anonymous_1)
FNDA:10,(anonymous_2)
DA:6,1
DA:10,16
DA:18,3
DA:30,10
DA:31,4
DA:32,4
DA:33,2
DA:36,8
LF:8
LH:8
BRDA:32,0,0,2
BRF:1
BRH:1
end_of_record
TN:
SF:core\emitter\managers\WildcardManager.ts
FN:7,(anonymous_0)
FN:18,(anonymous_1)
FN:27,(anonymous_2)
FN:40,(anonymous_3)
FN:41,(anonymous_4)
FNF:5
FNH:5
FNDA:17,(anonymous_0)
FNDA:2,(anonymous_1)
FNDA:1,(anonymous_2)
FNDA:8,(anonymous_3)
FNDA:1,(anonymous_4)
DA:7,1
DA:11,17
DA:19,2
DA:28,1
DA:29,1
DA:30,1
DA:41,8
DA:42,1
LF:8
LH:8
BRDA:29,0,0,1
BRF:1
BRH:1
end_of_record
TN:
SF:core\emitter\managers\index.ts
FN:1,(anonymous_0)
FN:2,(anonymous_1)
FN:3,(anonymous_2)
FN:4,(anonymous_3)
FN:5,(anonymous_4)
FNF:5
FNH:5
FNDA:15,(anonymous_0)
FNDA:15,(anonymous_1)
FNDA:15,(anonymous_2)
FNDA:16,(anonymous_3)
FNDA:17,(anonymous_4)
DA:1,16
DA:2,16
DA:3,16
DA:4,17
DA:5,18
LF:5
LH:5
BRF:0
BRH:0
end_of_record
TN:
SF:core\lib\index.ts
FNF:0
FNH:0
DA:1,1
DA:2,1
DA:3,1
LF:3
LH:3
BRF:0
BRH:0
end_of_record
TN:
SF:core\lib\decorators\index.ts
FNF:0
FNH:0
DA:1,1
DA:2,1
LF:2
LH:2
BRF:0
BRH:0
end_of_record
TN:
SF:core\lib\decorators\controllers\etag.ts
FN:15,ETag
FN:16,(anonymous_9)
FN:19,(anonymous_10)
FNF:3
FNH:0
FNDA:0,ETag
FNDA:0,(anonymous_9)
FNDA:0,(anonymous_10)
DA:2,1
DA:15,1
DA:16,0
DA:17,0
DA:19,0
DA:20,0
DA:22,0
DA:25,0
DA:26,0
DA:27,0
DA:28,0
DA:31,0
DA:34,0
DA:35,0
DA:39,0
LF:15
LH:2
BRDA:15,0,0,0
BRDA:15,1,0,0
BRDA:25,2,0,0
BRF:3
BRH:0
end_of_record
TN:
SF:core\lib\decorators\controllers\index.ts
FN:1,(anonymous_0)
FN:2,(anonymous_1)
FN:3,(anonymous_2)
FN:4,(anonymous_3)
FNF:4
FNH:0
FNDA:0,(anonymous_0)
FNDA:0,(anonymous_1)
FNDA:0,(anonymous_2)
FNDA:0,(anonymous_3)
DA:1,1
DA:2,1
DA:3,1
DA:4,1
LF:4
LH:4
BRF:0
BRH:0
end_of_record
TN:
SF:core\lib\decorators\controllers\monitor.ts
FN:19,Monitor
FN:22,(anonymous_9)
FN:51,reportMetrics
FNF:3
FNH:0
FNDA:0,Monitor
FNDA:0,(anonymous_9)
FNDA:0,reportMetrics
DA:1,1
DA:19,1
DA:20,0
DA:22,0
DA:23,0
DA:24,0
DA:26,0
DA:27,0
DA:29,0
DA:37,0
DA:39,0
DA:40,0
DA:41,0
DA:42,0
DA:43,0
DA:47,0
DA:52,0
LF:17
LH:2
BRF:0
BRH:0
end_of_record
TN:
SF:core\lib\decorators\controllers\redirect.ts
FN:16,Redirect
FN:17,(anonymous_8)
FN:20,(anonymous_9)
FNF:3
FNH:0
FNDA:0,Redirect
FNDA:0,(anonymous_8)
FNDA:0,(anonymous_9)
DA:16,1
DA:17,0
DA:18,0
DA:20,0
DA:21,0
DA:22,0
LF:6
LH:1
BRF:0
BRH:0
end_of_record
TN:
SF:core\lib\decorators\controllers\role.ts
FN:13,Role
FN:18,(anonymous_8)
FN:21,(anonymous_9)
FNF:3
FNH:0
FNDA:0,Role
FNDA:0,(anonymous_8)
FNDA:0,(anonymous_9)
DA:13,1
DA:14,0
DA:15,0
DA:18,0
DA:19,0
DA:21,0
DA:22,0
DA:24,0
DA:25,0
DA:28,0
LF:10
LH:1
BRDA:14,0,0,0
BRDA:24,1,0,0
BRDA:24,2,0,0
BRDA:24,2,1,0
BRF:4
BRH:0
end_of_record
TN:
SF:core\lib\decorators\models\field.ts
FN:13,Field
FN:26,(anonymous_1)
FNF:2
FNH:0
FNDA:0,Field
FNDA:0,(anonymous_1)
DA:13,1
DA:26,0
DA:27,0
DA:28,0
DA:31,0
DA:44,0
DA:45,0
DA:46,0
DA:49,0
LF:9
LH:1
BRDA:15,0,0,0
BRDA:16,1,0,0
BRDA:17,2,0,0
BRDA:18,3,0,0
BRDA:19,4,0,0
BRDA:20,5,0,0
BRDA:21,6,0,0
BRDA:22,7,0,0
BRDA:23,8,0,0
BRDA:24,9,0,0
BRDA:27,10,0,0
BRDA:44,11,0,0
BRDA:45,12,0,0
BRF:13
BRH:0
end_of_record
TN:
SF:core\lib\decorators\models\index.ts
FN:1,(anonymous_0)
FN:2,(anonymous_1)
FNF:2
FNH:0
FNDA:0,(anonymous_0)
FNDA:0,(anonymous_1)
DA:1,1
DA:2,1
LF:2
LH:2
BRF:0
BRH:0
end_of_record
TN:
SF:core\lib\decorators\models\virtual.ts
FN:6,Virtual
FNF:1
FNH:0
FNDA:0,Virtual
DA:1,1
DA:6,1
DA:7,0
DA:8,0
DA:11,0
LF:5
LH:2
BRDA:7,0,0,0
BRF:1
BRH:0
end_of_record
TN:
SF:core\lib\enums\data-sizes.ts
FN:1,(anonymous_0)
FNF:1
FNH:1
FNDA:1,(anonymous_0)
DA:1,1
DA:2,1
DA:3,1
DA:4,1
DA:5,1
DA:6,1
DA:7,1
LF:7
LH:7
BRDA:1,0,0,1
BRDA:1,0,1,1
BRF:2
BRH:2
end_of_record
TN:
SF:core\lib\enums\http-status.ts
FN:6,(anonymous_0)
FNF:1
FNH:1
FNDA:1,(anonymous_0)
DA:6,1
DA:7,1
DA:8,1
DA:9,1
DA:10,1
DA:11,1
DA:12,1
DA:13,1
DA:14,1
DA:15,1
DA:16,1
DA:17,1
DA:18,1
DA:19,1
DA:20,1
DA:21,1
DA:22,1
DA:23,1
DA:24,1
DA:25,1
DA:26,1
DA:27,1
DA:28,1
DA:29,1
DA:30,1
DA:31,1
DA:32,1
DA:33,1
DA:34,1
DA:35,1
DA:36,1
DA:37,1
DA:38,1
DA:39,1
DA:40,1
DA:41,1
DA:42,1
DA:43,1
DA:44,1
DA:45,1
DA:46,1
DA:47,1
DA:48,1
DA:49,1
DA:50,1
DA:51,1
DA:52,1
DA:53,1
DA:54,1
DA:55,1
DA:56,1
DA:57,1
DA:58,1
DA:59,1
DA:60,1
DA:61,1
DA:62,1
DA:63,1
DA:64,1
DA:65,1
DA:66,1
DA:67,1
LF:62
LH:62
BRDA:6,0,0,1
BRDA:6,0,1,1
BRF:2
BRH:2
end_of_record
TN:
SF:core\lib\enums\index.ts
FN:1,(anonymous_0)
FN:2,(anonymous_1)
FN:3,(anonymous_2)
FN:4,(anonymous_3)
FN:5,(anonymous_4)
FNF:5
FNH:1
FNDA:0,(anonymous_0)
FNDA:0,(anonymous_1)
FNDA:15,(anonymous_2)
FNDA:0,(anonymous_3)
FNDA:0,(anonymous_4)
DA:1,1
DA:2,1
DA:3,16
DA:4,1
DA:5,1
LF:5
LH:5
BRF:0
BRH:0
end_of_record
TN:
SF:core\lib\enums\interval.ts
FN:8,(anonymous_0)
FNF:1
FNH:1
FNDA:1,(anonymous_0)
DA:1,1
DA:8,1
DA:9,1
DA:10,1
DA:11,1
DA:12,1
DA:13,1
DA:14,1
DA:15,1
DA:16,1
DA:17,1
DA:18,1
DA:19,1
DA:20,1
DA:21,1
LF:15
LH:15
BRDA:8,0,0,1
BRDA:8,0,1,1
BRF:2
BRH:2
end_of_record
TN:
SF:core\lib\enums\responses.ts
FN:6,(anonymous_0)
FNF:1
FNH:1
FNDA:1,(anonymous_0)
DA:6,1
DA:7,1
DA:8,1
DA:9,1
DA:10,1
DA:11,1
DA:12,1
DA:13,1
DA:14,1
DA:15,1
DA:16,1
DA:17,1
DA:18,1
DA:19,1
DA:20,1
DA:21,1
DA:22,1
DA:23,1
LF:18
LH:18
BRDA:6,0,0,1
BRDA:6,0,1,1
BRF:2
BRH:2
end_of_record
TN:
SF:core\lib\enums\time.ts
FN:6,(anonymous_0)
FNF:1
FNH:1
FNDA:1,(anonymous_0)
DA:6,1
DA:7,1
DA:8,1
DA:9,1
DA:10,1
DA:11,1
DA:12,1
DA:13,1
DA:14,1
LF:9
LH:9
BRDA:6,0,0,1
BRDA:6,0,1,1
BRF:2
BRH:2
end_of_record
TN:
SF:core\lib\responses\auth.ts
FNF:0
FNH:0
DA:1,1
LF:1
LH:1
BRF:0
BRH:0
end_of_record
TN:
SF:core\lib\responses\cache.ts
FN:2,(anonymous_0)
FN:3,(anonymous_1)
FN:4,(anonymous_2)
FN:5,(anonymous_3)
FNF:4
FNH:0
FNDA:0,(anonymous_0)
FNDA:0,(anonymous_1)
FNDA:0,(anonymous_2)
FNDA:0,(anonymous_3)
DA:1,1
DA:2,0
DA:3,0
DA:4,0
DA:5,0
LF:5
LH:1
BRF:0
BRH:0
end_of_record
TN:
SF:core\lib\responses\controller.ts
FN:2,(anonymous_0)
FN:3,(anonymous_1)
FN:4,(anonymous_2)
FN:5,(anonymous_3)
FN:6,(anonymous_4)
FN:7,(anonymous_5)
FN:8,(anonymous_6)
FN:9,(anonymous_7)
FN:10,(anonymous_8)
FN:11,(anonymous_9)
FN:12,(anonymous_10)
FNF:11
FNH:0
FNDA:0,(anonymous_0)
FNDA:0,(anonymous_1)
FNDA:0,(anonymous_2)
FNDA:0,(anonymous_3)
FNDA:0,(anonymous_4)
FNDA:0,(anonymous_5)
FNDA:0,(anonymous_6)
FNDA:0,(anonymous_7)
FNDA:0,(anonymous_8)
FNDA:0,(anonymous_9)
FNDA:0,(anonymous_10)
DA:1,1
DA:2,0
DA:3,0
DA:4,0
DA:5,0
DA:6,0
DA:7,0
DA:8,0
DA:9,0
DA:10,0
DA:11,0
DA:12,0
LF:12
LH:1
BRF:0
BRH:0
end_of_record
TN:
SF:core\lib\responses\database.ts
FNF:0
FNH:0
DA:1,1
LF:1
LH:1
BRF:0
BRH:0
end_of_record
TN:
SF:core\lib\responses\errors.ts
FNF:0
FNH:0
DA:1,1
LF:1
LH:1
BRF:0
BRH:0
end_of_record
TN:
SF:core\lib\responses\index.ts
FNF:0
FNH:0
DA:1,1
DA:2,1
DA:3,1
DA:4,1
DA:5,1
DA:6,1
DA:7,1
DA:8,1
DA:9,1
DA:10,1
DA:11,1
DA:12,1
LF:12
LH:12
BRF:0
BRH:0
end_of_record
TN:
SF:core\lib\responses\job.ts
FN:3,(anonymous_0)
FN:4,(anonymous_1)
FNF:2
FNH:0
FNDA:0,(anonymous_0)
FNDA:0,(anonymous_1)
DA:1,1
DA:3,0
DA:4,0
LF:3
LH:1
BRF:0
BRH:0
end_of_record
TN:
SF:core\lib\responses\middleware.ts
FNF:0
FNH:0
DA:1,1
LF:1
LH:1
BRF:0
BRH:0
end_of_record
TN:
SF:core\lib\responses\route.ts
FNF:0
FNH:0
DA:1,1
LF:1
LH:1
BRF:0
BRH:0
end_of_record
TN:
SF:core\lib\responses\server.ts
FN:7,(anonymous_0)
FNF:1
FNH:0
FNDA:0,(anonymous_0)
DA:1,1
DA:7,0
LF:2
LH:1
BRF:0
BRH:0
end_of_record
TN:
SF:core\lib\responses\system.ts
FN:6,(anonymous_0)
FNF:1
FNH:0
FNDA:0,(anonymous_0)
DA:1,1
DA:6,0
LF:2
LH:1
BRF:0
BRH:0
end_of_record
TN:
SF:core\lib\responses\user.ts
FN:2,(anonymous_0)
FN:3,(anonymous_1)
FN:4,(anonymous_2)
FN:5,(anonymous_3)
FN:6,(anonymous_4)
FN:8,(anonymous_5)
FN:9,(anonymous_6)
FNF:7
FNH:0
FNDA:0,(anonymous_0)
FNDA:0,(anonymous_1)
FNDA:0,(anonymous_2)
FNDA:0,(anonymous_3)
FNDA:0,(anonymous_4)
FNDA:0,(anonymous_5)
FNDA:0,(anonymous_6)
DA:1,1
DA:2,0
DA:3,0
DA:4,0
DA:5,0
DA:6,0
DA:8,0
DA:9,0
LF:8
LH:1
BRF:0
BRH:0
end_of_record
TN:
SF:core\lib\responses\validation.ts
FN:18,(anonymous_0)
FN:19,(anonymous_1)
FN:20,(anonymous_2)
FN:21,(anonymous_3)
FN:22,(anonymous_4)
FN:25,(anonymous_5)
FN:29,(anonymous_6)
FN:32,(anonymous_7)
FN:34,(anonymous_8)
FN:37,(anonymous_9)
FN:41,(anonymous_10)
FN:44,(anonymous_11)
FN:45,(anonymous_12)
FN:48,(anonymous_13)
FN:49,(anonymous_14)
FN:52,(anonymous_15)
FN:55,(anonymous_16)
FN:56,(anonymous_17)
FN:57,(anonymous_18)
FN:58,(anonymous_19)
FNF:20
FNH:0
FNDA:0,(anonymous_0)
FNDA:0,(anonymous_1)
FNDA:0,(anonymous_2)
FNDA:0,(anonymous_3)
FNDA:0,(anonymous_4)
FNDA:0,(anonymous_5)
FNDA:0,(anonymous_6)
FNDA:0,(anonymous_7)
FNDA:0,(anonymous_8)
FNDA:0,(anonymous_9)
FNDA:0,(anonymous_10)
FNDA:0,(anonymous_11)
FNDA:0,(anonymous_12)
FNDA:0,(anonymous_13)
FNDA:0,(anonymous_14)
FNDA:0,(anonymous_15)
FNDA:0,(anonymous_16)
FNDA:0,(anonymous_17)
FNDA:0,(anonymous_18)
FNDA:0,(anonymous_19)
DA:3,1
DA:18,0
DA:19,0
DA:20,0
DA:21,0
DA:22,0
DA:26,0
DA:29,0
DA:33,0
DA:34,0
DA:38,0
DA:41,0
DA:44,0
DA:45,0
DA:48,0
DA:49,0
DA:52,0
DA:55,0
DA:56,0
DA:57,0
DA:58,0
LF:21
LH:1
BRF:0
BRH:0
end_of_record
